# JRE version: OpenJDK Runtime Environment Temurin-21.0.7+6 (21.0.7+6) (build 21.0.7+6-LTS)
# Java VM: OpenJDK 64-Bit Server VM Temurin-21.0.7+6 (21.0.7+6-LTS, mixed mode, emulated-client, sharing, tiered, compressed oops, compressed class ptrs, g1 gc, windows-amd64)
GC Precious Log:
 CardTable entry size: 512
 Card Set container configuration: InlinePtr #cards 5 size 8 Array Of Cards #cards 12 size 40 Howl #buckets 4 coarsen threshold 1843 Howl Bitmap #cards 512 size 80 coarsen threshold 460 Card regions per heap region 1 cards per card region 2048
 CPUs: 6 total, 6 available
 Memory: 7399M
 Large Page Support: Disabled
 NUMA Support: Disabled
 Compressed Oops: Enabled (32-bit)
 Heap Region Size: 1M
 Heap Min Capacity: 8M
 Heap Initial Capacity: 116M
 Heap Max Capacity: 1G
 Pre-touch: Disabled
 Parallel Workers: 6
 Concurrent Workers: 2
 Concurrent Refinement Workers: 6
 Periodic GC: Disabled
Heap:
 garbage-first heap   total 86016K, used 37947K [0x00000000c0000000, 0x0000000100000000)
  region size 1024K, 1 young (1024K), 0 survivors (0K)
 Metaspace       used 58934K, committed 59584K, reserved 1114112K
  class space    used 7452K, committed 7744K, reserved 1048576K
GC Heap History (20 events):
Event: 14775.528 GC heap after
{Heap after GC invocations=1372 (full 1328):
 garbage-first heap   total 86016K, used 37947K [0x00000000c0000000, 0x0000000100000000)
  region size 1024K, 0 young (0K), 0 survivors (0K)
 Metaspace       used 58934K, committed 59584K, reserved 1114112K
  class space    used 7452K, committed 7744K, reserved 1048576K
}
Event: 14785.710 GC heap before
{Heap before GC invocations=1372 (full 1328):
 garbage-first heap   total 86016K, used 37947K [0x00000000c0000000, 0x0000000100000000)
  region size 1024K, 1 young (1024K), 0 survivors (0K)
 Metaspace       used 58934K, committed 59584K, reserved 1114112K
  class space    used 7452K, committed 7744K, reserved 1048576K
}
Event: 14785.736 GC heap after
{Heap after GC invocations=1373 (full 1329):
 garbage-first heap   total 86016K, used 37947K [0x00000000c0000000, 0x0000000100000000)
  region size 1024K, 0 young (0K), 0 survivors (0K)
 Metaspace       used 58934K, committed 59584K, reserved 1114112K
  class space    used 7452K, committed 7744K, reserved 1048576K
}
Event: 14795.925 GC heap before
{Heap before GC invocations=1373 (full 1329):
 garbage-first heap   total 86016K, used 37947K [0x00000000c0000000, 0x0000000100000000)
  region size 1024K, 1 young (1024K), 0 survivors (0K)
 Metaspace       used 58934K, committed 59584K, reserved 1114112K
  class space    used 7452K, committed 7744K, reserved 1048576K
}
Event: 14795.951 GC heap after
{Heap after GC invocations=1374 (full 1330):
 garbage-first heap   total 86016K, used 37947K [0x00000000c0000000, 0x0000000100000000)
  region size 1024K, 0 young (0K), 0 survivors (0K)
 Metaspace       used 58934K, committed 59584K, reserved 1114112K
  class space    used 7452K, committed 7744K, reserved 1048576K
}
Event: 14806.126 GC heap before
{Heap before GC invocations=1374 (full 1330):
 garbage-first heap   total 86016K, used 37947K [0x00000000c0000000, 0x0000000100000000)
  region size 1024K, 1 young (1024K), 0 survivors (0K)
 Metaspace       used 58934K, committed 59584K, reserved 1114112K
  class space    used 7452K, committed 7744K, reserved 1048576K
}
Event: 14806.151 GC heap after
{Heap after GC invocations=1375 (full 1331):
 garbage-first heap   total 86016K, used 37947K [0x00000000c0000000, 0x0000000100000000)
  region size 1024K, 0 young (0K), 0 survivors (0K)
 Metaspace       used 58934K, committed 59584K, reserved 1114112K
  class space    used 7452K, committed 7744K, reserved 1048576K
}
Event: 14816.340 GC heap before
{Heap before GC invocations=1375 (full 1331):
 garbage-first heap   total 86016K, used 37947K [0x00000000c0000000, 0x0000000100000000)
  region size 1024K, 1 young (1024K), 0 survivors (0K)
 Metaspace       used 58934K, committed 59584K, reserved 1114112K
  class space    used 7452K, committed 7744K, reserved 1048576K
}
Event: 14816.366 GC heap after
{Heap after GC invocations=1376 (full 1332):
 garbage-first heap   total 86016K, used 37947K [0x00000000c0000000, 0x0000000100000000)
  region size 1024K, 0 young (0K), 0 survivors (0K)
 Metaspace       used 58934K, committed 59584K, reserved 1114112K
  class space    used 7452K, committed 7744K, reserved 1048576K
}
Event: 14826.552 GC heap before
{Heap before GC invocations=1376 (full 1332):
 garbage-first heap   total 86016K, used 37947K [0x00000000c0000000, 0x0000000100000000)
  region size 1024K, 1 young (1024K), 0 survivors (0K)
 Metaspace       used 58934K, committed 59584K, reserved 1114112K
  class space    used 7452K, committed 7744K, reserved 1048576K
}
Event: 14826.578 GC heap after
{Heap after GC invocations=1377 (full 1333):
 garbage-first heap   total 86016K, used 37947K [0x00000000c0000000, 0x0000000100000000)
  region size 1024K, 0 young (0K), 0 survivors (0K)
 Metaspace       used 58934K, committed 59584K, reserved 1114112K
  class space    used 7452K, committed 7744K, reserved 1048576K
}
Event: 14836.759 GC heap before
{Heap before GC invocations=1377 (full 1333):
 garbage-first heap   total 86016K, used 37947K [0x00000000c0000000, 0x0000000100000000)
  region size 1024K, 1 young (1024K), 0 survivors (0K)
 Metaspace       used 58934K, committed 59584K, reserved 1114112K
  class space    used 7452K, committed 7744K, reserved 1048576K
}
Event: 14836.786 GC heap after
{Heap after GC invocations=1378 (full 1334):
 garbage-first heap   total 86016K, used 37947K [0x00000000c0000000, 0x0000000100000000)
  region size 1024K, 0 young (0K), 0 survivors (0K)
 Metaspace       used 58934K, committed 59584K, reserved 1114112K
  class space    used 7452K, committed 7744K, reserved 1048576K
}
Event: 14846.965 GC heap before
{Heap before GC invocations=1378 (full 1334):
 garbage-first heap   total 86016K, used 37947K [0x00000000c0000000, 0x0000000100000000)
  region size 1024K, 1 young (1024K), 0 survivors (0K)
 Metaspace       used 58934K, committed 59584K, reserved 1114112K
  class space    used 7452K, committed 7744K, reserved 1048576K
}
Event: 14846.992 GC heap after
{Heap after GC invocations=1379 (full 1335):
 garbage-first heap   total 86016K, used 37947K [0x00000000c0000000, 0x0000000100000000)
  region size 1024K, 0 young (0K), 0 survivors (0K)
 Metaspace       used 58934K, committed 59584K, reserved 1114112K
  class space    used 7452K, committed 7744K, reserved 1048576K
}
Event: 14857.184 GC heap before
{Heap before GC invocations=1379 (full 1335):
 garbage-first heap   total 86016K, used 37947K [0x00000000c0000000, 0x0000000100000000)
  region size 1024K, 1 young (1024K), 0 survivors (0K)
 Metaspace       used 58934K, committed 59584K, reserved 1114112K
  class space    used 7452K, committed 7744K, reserved 1048576K
}
Event: 14857.209 GC heap after
{Heap after GC invocations=1380 (full 1336):
 garbage-first heap   total 86016K, used 37947K [0x00000000c0000000, 0x0000000100000000)
  region size 1024K, 0 young (0K), 0 survivors (0K)
 Metaspace       used 58934K, committed 59584K, reserved 1114112K
  class space    used 7452K, committed 7744K, reserved 1048576K
}
Event: 14867.445 GC heap before
{Heap before GC invocations=1380 (full 1336):
 garbage-first heap   total 86016K, used 37947K [0x00000000c0000000, 0x0000000100000000)
  region size 1024K, 1 young (1024K), 0 survivors (0K)
 Metaspace       used 58934K, committed 59584K, reserved 1114112K
  class space    used 7452K, committed 7744K, reserved 1048576K
}
Event: 14867.473 GC heap after
{Heap after GC invocations=1381 (full 1337):
 garbage-first heap   total 86016K, used 37947K [0x00000000c0000000, 0x0000000100000000)
  region size 1024K, 0 young (0K), 0 survivors (0K)
 Metaspace       used 58934K, committed 59584K, reserved 1114112K
  class space    used 7452K, committed 7744K, reserved 1048576K
}
Event: 14877.652 GC heap before
{Heap before GC invocations=1381 (full 1337):
 garbage-first heap   total 86016K, used 37947K [0x00000000c0000000, 0x0000000100000000)
  region size 1024K, 1 young (1024K), 0 survivors (0K)
 Metaspace       used 58934K, committed 59584K, reserved 1114112K
  class space    used 7452K, committed 7744K, reserved 1048576K
}

